<?xml version="1.0" encoding="UTF-8"?>
<!-- Generated by org.testng.reporters.JUnitReportReporter -->
<testsuite hostname="Sadanand" failures="0" tests="1" name="seleniumclass.TestClass" time="0.008" errors="0" timestamp="2024-05-30T16:25:40 IST" skipped="0">
  <testcase classname="seleniumclass.TestClass" name="test" time="0.008"/>
</testsuite> <!-- seleniumclass.TestClass -->
